<?xml version="1.0" encoding="UTF-8"?>
<testsuite xmlns:xsi="http://www.w3.org/2001/XMLSchema-instance" xsi:noNamespaceSchemaLocation="https://maven.apache.org/surefire/maven-surefire-plugin/xsd/surefire-test-report.xsd" version="3.0.2" name="com.example.apiGateWay.ApiGateWayApplicationTests" time="4.897" tests="1" errors="0" skipped="0" failures="0">
  <properties>
[...]
</properties>
  <testcase name="contextLoads" classname="com.example.apiGateWay.ApiGateWayApplicationTests" time="0.682">
    <system-out><![CDATA[13:04:31.304 [main] INFO org.springframework.test.context.support.AnnotationConfigContextLoaderUtils -- Could not detect default configuration classes for test class [com.example.apiGateWay.ApiGateWayApplicationTests]: ApiGateWayApplicationTests does not declare any static, non-private, non-final, nested classes annotated with @Configuration.
13:04:31.425 [main] INFO org.springframework.boot.test.context.SpringBootTestContextBootstrapper -- Found @SpringBootConfiguration com.example.apiGateWay.ApiGateWayApplication for test class com.example.apiGateWay.ApiGateWayApplicationTests

  .   ____          _            __ _ _
 /\\ / ___'_ __ _ _(_)_ __  __ _ \ \ \ \
( ( )\___ | '_ | '_| | '_ \/ _` | \ \ \ \
 \\/  ___)| |_)| | | | | || (_| |  ) ) ) )
  '  |____| .__|_| |_|_| |_\__, | / / / /
 =========|_|==============|___/=/_/_/_/

 :: Spring Boot ::                (v3.5.3)

2025-07-18T13:04:32.143+05:30  INFO 10660 --- [           main] c.e.a.ApiGateWayApplicationTests         : Starting ApiGateWayApplicationTests using Java 21.0.2 with PID 10660 (started by SUVEGGA in C:\Users\SUVEGGA\Documents\GitHub\App\apiGateway)
2025-07-18T13:04:32.145+05:30  INFO 10660 --- [           main] c.e.a.ApiGateWayApplicationTests         : No active profile set, falling back to 1 default profile: "default"
2025-07-18T13:04:33.517+05:30  INFO 10660 --- [           main] o.s.cloud.context.scope.GenericScope     : BeanFactory id=84b3b68f-7c72-306d-973c-b343aeb87015
2025-07-18T13:04:33.942+05:30  WARN 10660 --- [           main] GatewayClassPathWarningAutoConfiguration : 

**********************************************************

The artifact spring-cloud-gateway-server is deprecated. It will be removed in the next major release. Please add spring-cloud-gateway-server-webflux dependency.

**********************************************************


2025-07-18T13:04:34.256+05:30 DEBUG 10660 --- [           main] o.s.c.gateway.config.GatewayProperties   : Routes supplied from Gateway Properties: [RouteDefinition{id='student-service', predicates=[PredicateDefinition{name='Path', args={_genkey_0=/students/**}}], filters=[], uri=http://localhost:8081, order=0, metadata={}, enabled=true}, RouteDefinition{id='library-service', predicates=[PredicateDefinition{name='Path', args={_genkey_0=/library/**}}], filters=[], uri=http://localhost:8082, order=0, metadata={}, enabled=true}]
2025-07-18T13:04:34.542+05:30  INFO 10660 --- [           main] o.s.c.g.r.RouteDefinitionRouteLocator    : Loaded RoutePredicateFactory [After]
2025-07-18T13:04:34.542+05:30  INFO 10660 --- [           main] o.s.c.g.r.RouteDefinitionRouteLocator    : Loaded RoutePredicateFactory [Before]
2025-07-18T13:04:34.542+05:30  INFO 10660 --- [           main] o.s.c.g.r.RouteDefinitionRouteLocator    : Loaded RoutePredicateFactory [Between]
2025-07-18T13:04:34.542+05:30  INFO 10660 --- [           main] o.s.c.g.r.RouteDefinitionRouteLocator    : Loaded RoutePredicateFactory [Cookie]
2025-07-18T13:04:34.542+05:30  INFO 10660 --- [           main] o.s.c.g.r.RouteDefinitionRouteLocator    : Loaded RoutePredicateFactory [Header]
2025-07-18T13:04:34.543+05:30  INFO 10660 --- [           main] o.s.c.g.r.RouteDefinitionRouteLocator    : Loaded RoutePredicateFactory [Host]
2025-07-18T13:04:34.543+05:30  INFO 10660 --- [           main] o.s.c.g.r.RouteDefinitionRouteLocator    : Loaded RoutePredicateFactory [Method]
2025-07-18T13:04:34.543+05:30  INFO 10660 --- [           main] o.s.c.g.r.RouteDefinitionRouteLocator    : Loaded RoutePredicateFactory [Path]
2025-07-18T13:04:34.543+05:30  INFO 10660 --- [           main] o.s.c.g.r.RouteDefinitionRouteLocator    : Loaded RoutePredicateFactory [Query]
2025-07-18T13:04:34.543+05:30  INFO 10660 --- [           main] o.s.c.g.r.RouteDefinitionRouteLocator    : Loaded RoutePredicateFactory [ReadBody]
2025-07-18T13:04:34.543+05:30  INFO 10660 --- [           main] o.s.c.g.r.RouteDefinitionRouteLocator    : Loaded RoutePredicateFactory [RemoteAddr]
2025-07-18T13:04:34.544+05:30  INFO 10660 --- [           main] o.s.c.g.r.RouteDefinitionRouteLocator    : Loaded RoutePredicateFactory [XForwardedRemoteAddr]
2025-07-18T13:04:34.544+05:30  INFO 10660 --- [           main] o.s.c.g.r.RouteDefinitionRouteLocator    : Loaded RoutePredicateFactory [Weight]
2025-07-18T13:04:34.544+05:30  INFO 10660 --- [           main] o.s.c.g.r.RouteDefinitionRouteLocator    : Loaded RoutePredicateFactory [CloudFoundryRouteService]
2025-07-18T13:04:34.897+05:30  INFO 10660 --- [           main] o.s.b.a.e.web.EndpointLinksResolver      : Exposing 1 endpoint beneath base path '/actuator'
2025-07-18T13:04:35.202+05:30  WARN 10660 --- [           main] s.w.s.StarterDeprecatedAutoConfiguration : 

**********************************************************

spring-cloud-starter-gateway is deprecated. It will be removed in the next major release. Please use spring-cloud-starter-gateway-server-webflux instead.

**********************************************************


2025-07-18T13:04:35.306+05:30 DEBUG 10660 --- [           main] o.s.c.g.r.RouteDefinitionRouteLocator    : RouteDefinition student-service applying {_genkey_0=/students/**} to Path
2025-07-18T13:04:35.330+05:30 DEBUG 10660 --- [           main] o.s.c.g.r.RouteDefinitionRouteLocator    : RouteDefinition matched: student-service
2025-07-18T13:04:35.331+05:30 DEBUG 10660 --- [           main] o.s.c.g.r.RouteDefinitionRouteLocator    : RouteDefinition library-service applying {_genkey_0=/library/**} to Path
2025-07-18T13:04:35.333+05:30 DEBUG 10660 --- [           main] o.s.c.g.r.RouteDefinitionRouteLocator    : RouteDefinition matched: library-service
2025-07-18T13:04:35.340+05:30 DEBUG 10660 --- [           main] o.s.c.g.filter.GatewayMetricsFilter      : New routes count: 2
2025-07-18T13:04:35.342+05:30  INFO 10660 --- [           main] c.e.a.ApiGateWayApplicationTests         : Started ApiGateWayApplicationTests in 3.595 seconds (process running for 4.776)
]]></system-out>
    <system-err><![CDATA[Mockito is currently self-attaching to enable the inline-mock-maker. This will no longer work in future releases of the JDK. Please add Mockito as an agent to your build as described in Mockito's documentation: https://javadoc.io/doc/org.mockito/mockito-core/latest/org.mockito/org/mockito/Mockito.html#0.3
WARNING: A Java agent has been loaded dynamically (C:\Users\SUVEGGA\.m2\repository\net\bytebuddy\byte-buddy-agent\1.17.6\byte-buddy-agent-1.17.6.jar)
WARNING: If a serviceability tool is in use, please run with -XX:+EnableDynamicAgentLoading to hide this warning
WARNING: If a serviceability tool is not in use, please run with -Djdk.instrument.traceUsage for more information
WARNING: Dynamic loading of agents will be disallowed by default in a future release
]]></system-err>
  </testcase>
</testsuite>