<?xml version="1.0" encoding="UTF-8"?>
<testsuite xmlns:xsi="http://www.w3.org/2001/XMLSchema-instance" xsi:noNamespaceSchemaLocation="https://maven.apache.org/surefire/maven-surefire-plugin/xsd/surefire-test-report.xsd" version="3.0.2" name="com.example.apiGateWay.ApiGateWayApplicationTests" time="3.846" tests="1" errors="0" skipped="0" failures="0">
  <properties>
[...]
</properties>
  <testcase name="contextLoads" classname="com.example.apiGateWay.ApiGateWayApplicationTests" time="0.455">
    <system-out><![CDATA[03:02:04.271 [main] INFO org.springframework.test.context.support.AnnotationConfigContextLoaderUtils -- Could not detect default configuration classes for test class [com.example.apiGateWay.ApiGateWayApplicationTests]: ApiGateWayApplicationTests does not declare any static, non-private, non-final, nested classes annotated with @Configuration.
03:02:04.353 [main] INFO org.springframework.boot.test.context.SpringBootTestContextBootstrapper -- Found @SpringBootConfiguration com.example.apiGateWay.ApiGateWayApplication for test class com.example.apiGateWay.ApiGateWayApplicationTests

  .   ____          _            __ _ _
 /\\ / ___'_ __ _ _(_)_ __  __ _ \ \ \ \
( ( )\___ | '_ | '_| | '_ \/ _` | \ \ \ \
 \\/  ___)| |_)| | | | | || (_| |  ) ) ) )
  '  |____| .__|_| |_|_| |_\__, | / / / /
 =========|_|==============|___/=/_/_/_/

 :: Spring Boot ::                (v3.5.3)

2026-02-21T03:02:04.893+05:30  INFO 6972 --- [           main] c.e.a.ApiGateWayApplicationTests         : Starting ApiGateWayApplicationTests using Java 24.0.2 with PID 6972 (started by subhashveggalam in /Users/subhashveggalam/Documents/FULLSTACK/App/App/apiGateway)
2026-02-21T03:02:04.894+05:30  INFO 6972 --- [           main] c.e.a.ApiGateWayApplicationTests         : No active profile set, falling back to 1 default profile: "default"
2026-02-21T03:02:06.109+05:30  INFO 6972 --- [           main] o.s.cloud.context.scope.GenericScope     : BeanFactory id=457ba679-5457-32a4-8770-e67adcc9cbd3
2026-02-21T03:02:06.711+05:30  WARN 6972 --- [           main] GatewayClassPathWarningAutoConfiguration : 

**********************************************************

The artifact spring-cloud-gateway-server is deprecated. It will be removed in the next major release. Please add spring-cloud-gateway-server-webflux dependency.

**********************************************************


2026-02-21T03:02:06.936+05:30 DEBUG 6972 --- [           main] o.s.c.gateway.config.GatewayProperties   : Routes supplied from Gateway Properties: [RouteDefinition{id='auth-service', predicates=[PredicateDefinition{name='Path', args={_genkey_0=/auth/**}}], filters=[], uri=http://auth:8079, order=0, metadata={}, enabled=true}, RouteDefinition{id='student-service', predicates=[PredicateDefinition{name='Path', args={_genkey_0=/students/**}}], filters=[], uri=http://student:8081, order=0, metadata={}, enabled=true}, RouteDefinition{id='library-service', predicates=[PredicateDefinition{name='Path', args={_genkey_0=/library/**}}], filters=[], uri=http://library:8082, order=0, metadata={}, enabled=true}, RouteDefinition{id='mess-service', predicates=[PredicateDefinition{name='Path', args={_genkey_0=/mess/**}}], filters=[], uri=http://mess:8083, order=0, metadata={}, enabled=true}]
2026-02-21T03:02:07.078+05:30  INFO 6972 --- [           main] o.s.c.g.r.RouteDefinitionRouteLocator    : Loaded RoutePredicateFactory [After]
2026-02-21T03:02:07.085+05:30  INFO 6972 --- [           main] o.s.c.g.r.RouteDefinitionRouteLocator    : Loaded RoutePredicateFactory [Before]
2026-02-21T03:02:07.085+05:30  INFO 6972 --- [           main] o.s.c.g.r.RouteDefinitionRouteLocator    : Loaded RoutePredicateFactory [Between]
2026-02-21T03:02:07.085+05:30  INFO 6972 --- [           main] o.s.c.g.r.RouteDefinitionRouteLocator    : Loaded RoutePredicateFactory [Cookie]
2026-02-21T03:02:07.085+05:30  INFO 6972 --- [           main] o.s.c.g.r.RouteDefinitionRouteLocator    : Loaded RoutePredicateFactory [Header]
2026-02-21T03:02:07.085+05:30  INFO 6972 --- [           main] o.s.c.g.r.RouteDefinitionRouteLocator    : Loaded RoutePredicateFactory [Host]
2026-02-21T03:02:07.085+05:30  INFO 6972 --- [           main] o.s.c.g.r.RouteDefinitionRouteLocator    : Loaded RoutePredicateFactory [Method]
2026-02-21T03:02:07.085+05:30  INFO 6972 --- [           main] o.s.c.g.r.RouteDefinitionRouteLocator    : Loaded RoutePredicateFactory [Path]
2026-02-21T03:02:07.085+05:30  INFO 6972 --- [           main] o.s.c.g.r.RouteDefinitionRouteLocator    : Loaded RoutePredicateFactory [Query]
2026-02-21T03:02:07.085+05:30  INFO 6972 --- [           main] o.s.c.g.r.RouteDefinitionRouteLocator    : Loaded RoutePredicateFactory [ReadBody]
2026-02-21T03:02:07.086+05:30  INFO 6972 --- [           main] o.s.c.g.r.RouteDefinitionRouteLocator    : Loaded RoutePredicateFactory [RemoteAddr]
2026-02-21T03:02:07.086+05:30  INFO 6972 --- [           main] o.s.c.g.r.RouteDefinitionRouteLocator    : Loaded RoutePredicateFactory [XForwardedRemoteAddr]
2026-02-21T03:02:07.086+05:30  INFO 6972 --- [           main] o.s.c.g.r.RouteDefinitionRouteLocator    : Loaded RoutePredicateFactory [Weight]
2026-02-21T03:02:07.086+05:30  INFO 6972 --- [           main] o.s.c.g.r.RouteDefinitionRouteLocator    : Loaded RoutePredicateFactory [CloudFoundryRouteService]
2026-02-21T03:02:07.265+05:30  INFO 6972 --- [           main] o.s.b.a.e.web.EndpointLinksResolver      : Exposing 1 endpoint beneath base path '/actuator'
2026-02-21T03:02:07.415+05:30  WARN 6972 --- [           main] s.w.s.StarterDeprecatedAutoConfiguration : 

**********************************************************

spring-cloud-starter-gateway is deprecated. It will be removed in the next major release. Please use spring-cloud-starter-gateway-server-webflux instead.

**********************************************************


2026-02-21T03:02:07.469+05:30 DEBUG 6972 --- [           main] o.s.c.g.r.RouteDefinitionRouteLocator    : RouteDefinition auth-service applying {_genkey_0=/auth/**} to Path
2026-02-21T03:02:07.480+05:30 DEBUG 6972 --- [           main] o.s.c.g.r.RouteDefinitionRouteLocator    : RouteDefinition matched: auth-service
2026-02-21T03:02:07.480+05:30 DEBUG 6972 --- [           main] o.s.c.g.r.RouteDefinitionRouteLocator    : RouteDefinition student-service applying {_genkey_0=/students/**} to Path
2026-02-21T03:02:07.481+05:30 DEBUG 6972 --- [           main] o.s.c.g.r.RouteDefinitionRouteLocator    : RouteDefinition matched: student-service
2026-02-21T03:02:07.481+05:30 DEBUG 6972 --- [           main] o.s.c.g.r.RouteDefinitionRouteLocator    : RouteDefinition library-service applying {_genkey_0=/library/**} to Path
2026-02-21T03:02:07.482+05:30 DEBUG 6972 --- [           main] o.s.c.g.r.RouteDefinitionRouteLocator    : RouteDefinition matched: library-service
2026-02-21T03:02:07.483+05:30 DEBUG 6972 --- [           main] o.s.c.g.r.RouteDefinitionRouteLocator    : RouteDefinition mess-service applying {_genkey_0=/mess/**} to Path
2026-02-21T03:02:07.483+05:30 DEBUG 6972 --- [           main] o.s.c.g.r.RouteDefinitionRouteLocator    : RouteDefinition matched: mess-service
2026-02-21T03:02:07.487+05:30 DEBUG 6972 --- [           main] o.s.c.g.filter.GatewayMetricsFilter      : New routes count: 4
2026-02-21T03:02:07.489+05:30  INFO 6972 --- [           main] c.e.a.ApiGateWayApplicationTests         : Started ApiGateWayApplicationTests in 2.869 seconds (process running for 3.828)
2026-02-21T03:02:07.497+05:30  WARN 6972 --- [           main] ServerWebfluxPropertiesMigrationListener : 
The use of configuration keys that have been renamed was found in the environment:

Property source 'Config resource 'class path resource [application.yml]' via location 'optional:classpath:/'':
	Key: spring.cloud.gateway.routes[0].id
		Line: 42
		Replacement: spring.cloud.gateway.server.webflux.routes[0].id
	Key: spring.cloud.gateway.routes[0].uri
		Line: 43
		Replacement: spring.cloud.gateway.server.webflux.routes[0].uri
	Key: spring.cloud.gateway.routes[0].predicates[0]
		Line: 45
		Replacement: spring.cloud.gateway.server.webflux.routes[0].predicates[0]
	Key: spring.cloud.gateway.routes[1].id
		Line: 49
		Replacement: spring.cloud.gateway.server.webflux.routes[1].id
	Key: spring.cloud.gateway.routes[1].uri
		Line: 50
		Replacement: spring.cloud.gateway.server.webflux.routes[1].uri
	Key: spring.cloud.gateway.routes[1].predicates[0]
		Line: 52
		Replacement: spring.cloud.gateway.server.webflux.routes[1].predicates[0]
	Key: spring.cloud.gateway.routes[2].id
		Line: 54
		Replacement: spring.cloud.gateway.server.webflux.routes[2].id
	Key: spring.cloud.gateway.routes[2].uri
		Line: 55
		Replacement: spring.cloud.gateway.server.webflux.routes[2].uri
	Key: spring.cloud.gateway.routes[2].predicates[0]
		Line: 57
		Replacement: spring.cloud.gateway.server.webflux.routes[2].predicates[0]
	Key: spring.cloud.gateway.routes[3].id
		Line: 59
		Replacement: spring.cloud.gateway.server.webflux.routes[3].id
	Key: spring.cloud.gateway.routes[3].uri
		Line: 60
		Replacement: spring.cloud.gateway.server.webflux.routes[3].uri
	Key: spring.cloud.gateway.routes[3].predicates[0]
		Line: 62
		Replacement: spring.cloud.gateway.server.webflux.routes[3].predicates[0]


Each configuration key has been temporarily mapped to its replacement for your convenience. To silence this warning, please update your configuration to use the new keys.

]]></system-out>
    <system-err><![CDATA[Mockito is currently self-attaching to enable the inline-mock-maker. This will no longer work in future releases of the JDK. Please add Mockito as an agent to your build as described in Mockito's documentation: https://javadoc.io/doc/org.mockito/mockito-core/latest/org.mockito/org/mockito/Mockito.html#0.3
WARNING: A Java agent has been loaded dynamically (/Users/subhashveggalam/.m2/repository/net/bytebuddy/byte-buddy-agent/1.17.6/byte-buddy-agent-1.17.6.jar)
WARNING: If a serviceability tool is in use, please run with -XX:+EnableDynamicAgentLoading to hide this warning
WARNING: If a serviceability tool is not in use, please run with -Djdk.instrument.traceUsage for more information
WARNING: Dynamic loading of agents will be disallowed by default in a future release
]]></system-err>
  </testcase>
</testsuite>